<?xml version="1.0" encoding="UTF-8" ?>
<testsuite failures="0" time="0.684" errors="0" skipped="0" tests="2" name="org.asanka.projects.bookstore.HelloWorldIT">
  <properties>
    <property name="java.runtime.name" value="Java(TM) SE Runtime Environment"/>
    <property name="sun.boot.library.path" value="/home/asanka/softwares/java/jdk1.7.0_07/jre/lib/amd64"/>
    <property name="java.vm.version" value="23.3-b01"/>
    <property name="java.vm.vendor" value="Oracle Corporation"/>
    <property name="java.vendor.url" value="http://java.oracle.com/"/>
    <property name="path.separator" value=":"/>
    <property name="java.vm.name" value="Java HotSpot(TM) 64-Bit Server VM"/>
    <property name="file.encoding.pkg" value="sun.io"/>
    <property name="user.country" value="US"/>
    <property name="sun.java.launcher" value="SUN_STANDARD"/>
    <property name="sun.os.patch.level" value="unknown"/>
    <property name="java.vm.specification.name" value="Java Virtual Machine Specification"/>
    <property name="user.dir" value="/home/asanka/personal/Learning/BookStoreProject/RESTService/BookstoreRestService"/>
    <property name="java.runtime.version" value="1.7.0_07-b10"/>
    <property name="java.awt.graphicsenv" value="sun.awt.X11GraphicsEnvironment"/>
    <property name="basedir" value="/home/asanka/personal/Learning/BookStoreProject/RESTService/BookstoreRestService"/>
    <property name="java.endorsed.dirs" value="/home/asanka/softwares/java/jdk1.7.0_07/jre/lib/endorsed"/>
    <property name="os.arch" value="amd64"/>
    <property name="surefire.real.class.path" value="/home/asanka/personal/Learning/BookStoreProject/RESTService/BookstoreRestService/target/surefire/surefirebooter5193395950380043915.jar"/>
    <property name="java.io.tmpdir" value="/tmp"/>
    <property name="line.separator" value="
"/>
    <property name="java.vm.specification.vendor" value="Oracle Corporation"/>
    <property name="os.name" value="Linux"/>
    <property name="sun.jnu.encoding" value="UTF-8"/>
    <property name="java.library.path" value="/usr/java/packages/lib/amd64:/usr/lib64:/lib64:/lib:/usr/lib"/>
    <property name="surefire.test.class.path" value="/home/asanka/personal/Learning/BookStoreProject/RESTService/BookstoreRestService/target/test-classes:/home/asanka/personal/Learning/BookStoreProject/RESTService/BookstoreRestService/target/classes:/home/asanka/.m2/repository/org/apache/cxf/cxf-rt-frontend-jaxrs/2.5.1/cxf-rt-frontend-jaxrs-2.5.1.jar:/home/asanka/.m2/repository/org/apache/cxf/cxf-common-utilities/2.5.1/cxf-common-utilities-2.5.1.jar:/home/asanka/.m2/repository/org/apache/ws/xmlschema/xmlschema-core/2.0.1/xmlschema-core-2.0.1.jar:/home/asanka/.m2/repository/org/codehaus/woodstox/woodstox-core-asl/4.1.1/woodstox-core-asl-4.1.1.jar:/home/asanka/.m2/repository/org/codehaus/woodstox/stax2-api/3.1.1/stax2-api-3.1.1.jar:/home/asanka/.m2/repository/org/apache/cxf/cxf-api/2.5.1/cxf-api-2.5.1.jar:/home/asanka/.m2/repository/org/apache/neethi/neethi/3.0.1/neethi-3.0.1.jar:/home/asanka/.m2/repository/wsdl4j/wsdl4j/1.6.2/wsdl4j-1.6.2.jar:/home/asanka/.m2/repository/org/apache/cxf/cxf-rt-core/2.5.1/cxf-rt-core-2.5.1.jar:/home/asanka/.m2/repository/com/sun/xml/bind/jaxb-impl/2.2.4-1/jaxb-impl-2.2.4-1.jar:/home/asanka/.m2/repository/org/apache/geronimo/specs/geronimo-javamail_1.4_spec/1.7.1/geronimo-javamail_1.4_spec-1.7.1.jar:/home/asanka/.m2/repository/org/springframework/spring-core/3.0.6.RELEASE/spring-core-3.0.6.RELEASE.jar:/home/asanka/.m2/repository/org/springframework/spring-asm/3.0.6.RELEASE/spring-asm-3.0.6.RELEASE.jar:/home/asanka/.m2/repository/commons-logging/commons-logging/1.1.1/commons-logging-1.1.1.jar:/home/asanka/.m2/repository/javax/ws/rs/jsr311-api/1.1.1/jsr311-api-1.1.1.jar:/home/asanka/.m2/repository/org/apache/cxf/cxf-rt-bindings-xml/2.5.1/cxf-rt-bindings-xml-2.5.1.jar:/home/asanka/.m2/repository/org/apache/cxf/cxf-rt-transports-http/2.5.1/cxf-rt-transports-http-2.5.1.jar:/home/asanka/.m2/repository/org/apache/cxf/cxf-rt-transports-common/2.5.1/cxf-rt-transports-common-2.5.1.jar:/home/asanka/.m2/repository/org/springframework/spring-web/3.0.6.RELEASE/spring-web-3.0.6.RELEASE.jar:/home/asanka/.m2/repository/aopalliance/aopalliance/1.0/aopalliance-1.0.jar:/home/asanka/.m2/repository/org/springframework/spring-beans/3.0.6.RELEASE/spring-beans-3.0.6.RELEASE.jar:/home/asanka/.m2/repository/org/springframework/spring-context/3.0.6.RELEASE/spring-context-3.0.6.RELEASE.jar:/home/asanka/.m2/repository/org/springframework/spring-aop/3.0.6.RELEASE/spring-aop-3.0.6.RELEASE.jar:/home/asanka/.m2/repository/org/springframework/spring-expression/3.0.6.RELEASE/spring-expression-3.0.6.RELEASE.jar:/home/asanka/.m2/repository/org/codehaus/jettison/jettison/1.3/jettison-1.3.jar:/home/asanka/.m2/repository/org/codehaus/jackson/jackson-core-asl/1.8.6/jackson-core-asl-1.8.6.jar:/home/asanka/.m2/repository/org/codehaus/jackson/jackson-mapper-asl/1.8.6/jackson-mapper-asl-1.8.6.jar:/home/asanka/.m2/repository/org/codehaus/jackson/jackson-jaxrs/1.8.6/jackson-jaxrs-1.8.6.jar:/home/asanka/.m2/repository/org/asanka/projects/Beans/1.0-SNAPSHOT/Beans-1.0-SNAPSHOT.jar:/home/asanka/.m2/repository/com/googlecode/json-simple/json-simple/1.1/json-simple-1.1.jar:/home/asanka/.m2/repository/junit/junit/4.10/junit-4.10.jar:/home/asanka/.m2/repository/org/hamcrest/hamcrest-core/1.1/hamcrest-core-1.1.jar:"/>
    <property name="java.specification.name" value="Java Platform API Specification"/>
    <property name="java.class.version" value="51.0"/>
    <property name="sun.management.compiler" value="HotSpot 64-Bit Tiered Compilers"/>
    <property name="os.version" value="3.13.0-24-generic"/>
    <property name="user.home" value="/home/asanka"/>
    <property name="user.timezone" value="Asia/Colombo"/>
    <property name="java.awt.printerjob" value="sun.print.PSPrinterJob"/>
    <property name="file.encoding" value="UTF-8"/>
    <property name="java.specification.version" value="1.7"/>
    <property name="user.name" value="asanka"/>
    <property name="java.class.path" value="/home/asanka/personal/Learning/BookStoreProject/RESTService/BookstoreRestService/target/test-classes:/home/asanka/personal/Learning/BookStoreProject/RESTService/BookstoreRestService/target/classes:/home/asanka/.m2/repository/org/apache/cxf/cxf-rt-frontend-jaxrs/2.5.1/cxf-rt-frontend-jaxrs-2.5.1.jar:/home/asanka/.m2/repository/org/apache/cxf/cxf-common-utilities/2.5.1/cxf-common-utilities-2.5.1.jar:/home/asanka/.m2/repository/org/apache/ws/xmlschema/xmlschema-core/2.0.1/xmlschema-core-2.0.1.jar:/home/asanka/.m2/repository/org/codehaus/woodstox/woodstox-core-asl/4.1.1/woodstox-core-asl-4.1.1.jar:/home/asanka/.m2/repository/org/codehaus/woodstox/stax2-api/3.1.1/stax2-api-3.1.1.jar:/home/asanka/.m2/repository/org/apache/cxf/cxf-api/2.5.1/cxf-api-2.5.1.jar:/home/asanka/.m2/repository/org/apache/neethi/neethi/3.0.1/neethi-3.0.1.jar:/home/asanka/.m2/repository/wsdl4j/wsdl4j/1.6.2/wsdl4j-1.6.2.jar:/home/asanka/.m2/repository/org/apache/cxf/cxf-rt-core/2.5.1/cxf-rt-core-2.5.1.jar:/home/asanka/.m2/repository/com/sun/xml/bind/jaxb-impl/2.2.4-1/jaxb-impl-2.2.4-1.jar:/home/asanka/.m2/repository/org/apache/geronimo/specs/geronimo-javamail_1.4_spec/1.7.1/geronimo-javamail_1.4_spec-1.7.1.jar:/home/asanka/.m2/repository/org/springframework/spring-core/3.0.6.RELEASE/spring-core-3.0.6.RELEASE.jar:/home/asanka/.m2/repository/org/springframework/spring-asm/3.0.6.RELEASE/spring-asm-3.0.6.RELEASE.jar:/home/asanka/.m2/repository/commons-logging/commons-logging/1.1.1/commons-logging-1.1.1.jar:/home/asanka/.m2/repository/javax/ws/rs/jsr311-api/1.1.1/jsr311-api-1.1.1.jar:/home/asanka/.m2/repository/org/apache/cxf/cxf-rt-bindings-xml/2.5.1/cxf-rt-bindings-xml-2.5.1.jar:/home/asanka/.m2/repository/org/apache/cxf/cxf-rt-transports-http/2.5.1/cxf-rt-transports-http-2.5.1.jar:/home/asanka/.m2/repository/org/apache/cxf/cxf-rt-transports-common/2.5.1/cxf-rt-transports-common-2.5.1.jar:/home/asanka/.m2/repository/org/springframework/spring-web/3.0.6.RELEASE/spring-web-3.0.6.RELEASE.jar:/home/asanka/.m2/repository/aopalliance/aopalliance/1.0/aopalliance-1.0.jar:/home/asanka/.m2/repository/org/springframework/spring-beans/3.0.6.RELEASE/spring-beans-3.0.6.RELEASE.jar:/home/asanka/.m2/repository/org/springframework/spring-context/3.0.6.RELEASE/spring-context-3.0.6.RELEASE.jar:/home/asanka/.m2/repository/org/springframework/spring-aop/3.0.6.RELEASE/spring-aop-3.0.6.RELEASE.jar:/home/asanka/.m2/repository/org/springframework/spring-expression/3.0.6.RELEASE/spring-expression-3.0.6.RELEASE.jar:/home/asanka/.m2/repository/org/codehaus/jettison/jettison/1.3/jettison-1.3.jar:/home/asanka/.m2/repository/org/codehaus/jackson/jackson-core-asl/1.8.6/jackson-core-asl-1.8.6.jar:/home/asanka/.m2/repository/org/codehaus/jackson/jackson-mapper-asl/1.8.6/jackson-mapper-asl-1.8.6.jar:/home/asanka/.m2/repository/org/codehaus/jackson/jackson-jaxrs/1.8.6/jackson-jaxrs-1.8.6.jar:/home/asanka/.m2/repository/org/asanka/projects/Beans/1.0-SNAPSHOT/Beans-1.0-SNAPSHOT.jar:/home/asanka/.m2/repository/com/googlecode/json-simple/json-simple/1.1/json-simple-1.1.jar:/home/asanka/.m2/repository/junit/junit/4.10/junit-4.10.jar:/home/asanka/.m2/repository/org/hamcrest/hamcrest-core/1.1/hamcrest-core-1.1.jar:"/>
    <property name="java.vm.specification.version" value="1.7"/>
    <property name="sun.arch.data.model" value="64"/>
    <property name="java.home" value="/home/asanka/softwares/java/jdk1.7.0_07/jre"/>
    <property name="sun.java.command" value="/home/asanka/personal/Learning/BookStoreProject/RESTService/BookstoreRestService/target/surefire/surefirebooter5193395950380043915.jar /home/asanka/personal/Learning/BookStoreProject/RESTService/BookstoreRestService/target/surefire/surefire4917214131845190957tmp /home/asanka/personal/Learning/BookStoreProject/RESTService/BookstoreRestService/target/surefire/surefire2876522954359744302tmp"/>
    <property name="service.url" value="http://localhost:43985/jaxrs-service"/>
    <property name="java.specification.vendor" value="Oracle Corporation"/>
    <property name="user.language" value="en"/>
    <property name="awt.toolkit" value="sun.awt.X11.XToolkit"/>
    <property name="java.vm.info" value="mixed mode"/>
    <property name="java.version" value="1.7.0_07"/>
    <property name="java.ext.dirs" value="/home/asanka/softwares/java/jdk1.7.0_07/jre/lib/ext:/usr/java/packages/lib/ext"/>
    <property name="sun.boot.class.path" value="/home/asanka/softwares/java/jdk1.7.0_07/jre/lib/resources.jar:/home/asanka/softwares/java/jdk1.7.0_07/jre/lib/rt.jar:/home/asanka/softwares/java/jdk1.7.0_07/jre/lib/sunrsasign.jar:/home/asanka/softwares/java/jdk1.7.0_07/jre/lib/jsse.jar:/home/asanka/softwares/java/jdk1.7.0_07/jre/lib/jce.jar:/home/asanka/softwares/java/jdk1.7.0_07/jre/lib/charsets.jar:/home/asanka/softwares/java/jdk1.7.0_07/jre/lib/jfr.jar:/home/asanka/softwares/java/jdk1.7.0_07/jre/classes"/>
    <property name="java.vendor" value="Oracle Corporation"/>
    <property name="localRepository" value="/home/asanka/.m2/repository"/>
    <property name="file.separator" value="/"/>
    <property name="java.vendor.url.bug" value="http://bugreport.sun.com/bugreport/"/>
    <property name="sun.cpu.endian" value="little"/>
    <property name="sun.io.unicode.encoding" value="UnicodeLittle"/>
    <property name="sun.desktop" value="gnome"/>
    <property name="sun.cpu.isalist" value=""/>
  </properties>
  <testcase time="0.387" classname="org.asanka.projects.bookstore.HelloWorldIT" name="testPing"/>
  <testcase time="0.26" classname="org.asanka.projects.bookstore.HelloWorldIT" name="testJsonRoundtrip"/>
</testsuite>